<?xml version="1.0" encoding="UTF-8"?>
<testsuite xmlns:xsi="http://www.w3.org/2001/XMLSchema-instance" xsi:noNamespaceSchemaLocation="https://maven.apache.org/surefire/maven-surefire-plugin/xsd/surefire-test-report.xsd" name="org.example.CalcTest" time="0.054" tests="2" errors="0" skipped="0" failures="1">
  <properties>
    <property name="sun.desktop" value="windows"/>
    <property name="awt.toolkit" value="sun.awt.windows.WToolkit"/>
    <property name="file.encoding.pkg" value="sun.io"/>
    <property name="java.specification.version" value="1.8"/>
    <property name="sun.cpu.isalist" value="amd64"/>
    <property name="sun.jnu.encoding" value="GBK"/>
    <property name="java.class.path" value="D:\code\tut4\tutorial4\target\test-classes;D:\code\tut4\tutorial4\target\classes;d:\maven-repo\org\junit\jupiter\junit-jupiter-engine\5.4.0\junit-jupiter-engine-5.4.0.jar;d:\maven-repo\org\apiguardian\apiguardian-api\1.0.0\apiguardian-api-1.0.0.jar;d:\maven-repo\org\junit\platform\junit-platform-engine\1.4.0\junit-platform-engine-1.4.0.jar;d:\maven-repo\org\opentest4j\opentest4j\1.1.1\opentest4j-1.1.1.jar;d:\maven-repo\org\junit\platform\junit-platform-commons\1.4.0\junit-platform-commons-1.4.0.jar;d:\maven-repo\org\junit\jupiter\junit-jupiter-api\5.4.0\junit-jupiter-api-5.4.0.jar;d:\maven-repo\org\junit\jupiter\junit-jupiter\5.9.1\junit-jupiter-5.9.1.jar;d:\maven-repo\org\junit\jupiter\junit-jupiter-params\5.9.1\junit-jupiter-params-5.9.1.jar;"/>
    <property name="java.vm.vendor" value="Oracle Corporation"/>
    <property name="sun.arch.data.model" value="64"/>
    <property name="user.variant" value=""/>
    <property name="java.vendor.url" value="http://java.oracle.com/"/>
    <property name="user.timezone" value="Asia/Shanghai"/>
    <property name="java.vm.specification.version" value="1.8"/>
    <property name="os.name" value="Windows 10"/>
    <property name="user.country" value="CN"/>
    <property name="sun.java.launcher" value="SUN_STANDARD"/>
    <property name="sun.boot.library.path" value="D:\java\jdk8\jre\bin"/>
    <property name="sun.java.command" value="D:\Temp\surefire3700023419773546239\surefirebooter8055765814728228018.jar D:\Temp\surefire3700023419773546239 2022-10-06T22-21-58_363-jvmRun1 surefire8356026273774620099tmp surefire_05664926514720484664tmp"/>
    <property name="surefire.test.class.path" value="D:\code\tut4\tutorial4\target\test-classes;D:\code\tut4\tutorial4\target\classes;d:\maven-repo\org\junit\jupiter\junit-jupiter-engine\5.4.0\junit-jupiter-engine-5.4.0.jar;d:\maven-repo\org\apiguardian\apiguardian-api\1.0.0\apiguardian-api-1.0.0.jar;d:\maven-repo\org\junit\platform\junit-platform-engine\1.4.0\junit-platform-engine-1.4.0.jar;d:\maven-repo\org\opentest4j\opentest4j\1.1.1\opentest4j-1.1.1.jar;d:\maven-repo\org\junit\platform\junit-platform-commons\1.4.0\junit-platform-commons-1.4.0.jar;d:\maven-repo\org\junit\jupiter\junit-jupiter-api\5.4.0\junit-jupiter-api-5.4.0.jar;d:\maven-repo\org\junit\jupiter\junit-jupiter\5.9.1\junit-jupiter-5.9.1.jar;d:\maven-repo\org\junit\jupiter\junit-jupiter-params\5.9.1\junit-jupiter-params-5.9.1.jar;"/>
    <property name="sun.cpu.endian" value="little"/>
    <property name="user.home" value="C:\Users\haha"/>
    <property name="user.language" value="zh"/>
    <property name="java.specification.vendor" value="Oracle Corporation"/>
    <property name="java.home" value="D:\java\jdk8\jre"/>
    <property name="basedir" value="D:\code\tut4\tutorial4"/>
    <property name="file.separator" value="\"/>
    <property name="line.separator" value="&#10;"/>
    <property name="java.vm.specification.vendor" value="Oracle Corporation"/>
    <property name="java.specification.name" value="Java Platform API Specification"/>
    <property name="java.awt.graphicsenv" value="sun.awt.Win32GraphicsEnvironment"/>
    <property name="surefire.real.class.path" value="D:\Temp\surefire3700023419773546239\surefirebooter8055765814728228018.jar"/>
    <property name="sun.boot.class.path" value="D:\java\jdk8\jre\lib\resources.jar;D:\java\jdk8\jre\lib\rt.jar;D:\java\jdk8\jre\lib\sunrsasign.jar;D:\java\jdk8\jre\lib\jsse.jar;D:\java\jdk8\jre\lib\jce.jar;D:\java\jdk8\jre\lib\charsets.jar;D:\java\jdk8\jre\lib\jfr.jar;D:\java\jdk8\jre\classes"/>
    <property name="user.script" value=""/>
    <property name="sun.management.compiler" value="HotSpot 64-Bit Tiered Compilers"/>
    <property name="java.runtime.version" value="1.8.0_331-b09"/>
    <property name="user.name" value="haha"/>
    <property name="path.separator" value=";"/>
    <property name="os.version" value="10.0"/>
    <property name="java.endorsed.dirs" value="D:\java\jdk8\jre\lib\endorsed"/>
    <property name="java.runtime.name" value="Java(TM) SE Runtime Environment"/>
    <property name="file.encoding" value="GBK"/>
    <property name="java.vm.name" value="Java HotSpot(TM) 64-Bit Server VM"/>
    <property name="localRepository" value="d:\maven-repo"/>
    <property name="java.vendor.url.bug" value="http://bugreport.sun.com/bugreport/"/>
    <property name="java.io.tmpdir" value="D:\Temp\"/>
    <property name="java.version" value="1.8.0_331"/>
    <property name="user.dir" value="D:\code\tut4\tutorial4"/>
    <property name="os.arch" value="amd64"/>
    <property name="java.vm.specification.name" value="Java Virtual Machine Specification"/>
    <property name="java.awt.printerjob" value="sun.awt.windows.WPrinterJob"/>
    <property name="sun.os.patch.level" value=""/>
    <property name="java.library.path" value="D:\java\jdk8\jre\bin;C:\WINDOWS\Sun\Java\bin;C:\WINDOWS\system32;C:\WINDOWS;C:\Users\haha\bin;D:\installations\Git\mingw64\bin;D:\installations\Git\usr\local\bin;D:\installations\Git\usr\bin;D:\installations\Git\usr\bin;D:\installations\Git\mingw64\bin;D:\installations\Git\usr\bin;C:\Users\haha\bin;C:\Program Files (x86)\Common Files\Oracle\Java\javapath;C:\Windows\system32;C:\Windows;C:\Windows\System32\Wbem;C:\Windows\System32\WindowsPowerShell\v1.0;C:\Windows\System32\OpenSSH;C:\Program Files (x86)\NVIDIA Corporation\PhysX\Common;C:\Program Files\NVIDIA Corporation\NVIDIA NvDLISR;C:\MinGW\bin;C:\WINDOWS\system32;C:\WINDOWS;C:\WINDOWS\System32\Wbem;C:\WINDOWS\System32\WindowsPowerShell\v1.0;C:\WINDOWS\System32\OpenSSH;D:\新文档\Tencent Files\2921646183\FileRecv\MinGW_x86_64-8.1.0-release-posix-sjlj-rt_v6-rev0\mingw64\bin;D:\;Program Files\Sublime Text3;D:\installations\Git\cmd;D:\installations\apache-maven-3.6.3-bin\apache-maven-3.6.3\bin;C:\Users\haha\AppData\Local\Microsoft\WindowsApps;C:\Users\haha\AppData\Local\Microsoft\WindowsApps;D:\xiaofang\CLion 2021.2.2\bin;D:\java\jdk8\bin;D:\installations\Microsoft VS Code\bin;D:\installations\Git\usr\bin\vendor_perl;D:\installations\Git\usr\bin\core_perl;."/>
    <property name="java.vm.info" value="mixed mode"/>
    <property name="java.vendor" value="Oracle Corporation"/>
    <property name="java.vm.version" value="25.331-b09"/>
    <property name="java.ext.dirs" value="D:\java\jdk8\jre\lib\ext;C:\WINDOWS\Sun\Java\lib\ext"/>
    <property name="sun.io.unicode.encoding" value="UnicodeLittle"/>
    <property name="java.class.version" value="52.0"/>
  </properties>
  <testcase name="testSubtract" classname="org.example.CalcTest" time="0.043">
    <failure message="expected: &lt;2&gt; but was: &lt;6&gt;" type="org.opentest4j.AssertionFailedError"><![CDATA[org.opentest4j.AssertionFailedError: expected: <2> but was: <6>
	at org.example.CalcTest.testSubtract(CalcTest.java:15)
]]></failure>
  </testcase>
  <testcase name="testAddition" classname="org.example.CalcTest" time="0.001"/>
</testsuite>